d:\dropbox\dropbox\_meng\switching\assignment2\source_code\apply\debug\vc140.pdb
d:\dropbox\dropbox\_meng\switching\assignment2\source_code\apply\debug\vc140.idb
d:\dropbox\dropbox\_meng\switching\assignment2\source_code\apply\debug\assign2.obj
d:\dropbox\dropbox\_meng\switching\assignment2\source_code\apply\debug\bdd.obj
d:\dropbox\dropbox\_meng\switching\assignment2\source_code\apply\debug\blif_parser.obj
d:\dropbox\dropbox\_meng\switching\assignment2\source_code\apply\debug\blif_parser.tab.obj
d:\dropbox\dropbox\_meng\switching\assignment2\source_code\apply\debug\blif_reader.obj
d:\dropbox\dropbox\_meng\switching\assignment2\source_code\apply\debug\common_types.obj
d:\dropbox\dropbox\_meng\switching\assignment2\source_code\apply\debug\cubical_function_representation.obj
d:\dropbox\dropbox\_meng\switching\assignment2\source_code\apply\debug\hashtable.obj
d:\dropbox\dropbox\_meng\switching\assignment2\source_code\apply\debug\xalloc.obj
d:\dropbox\dropbox\_meng\switching\assignment2\source_code\apply\debug\apply.ilk
d:\dropbox\dropbox\_meng\switching\assignment2\source_code\apply\debug\apply.exe
d:\dropbox\dropbox\_meng\switching\assignment2\source_code\apply\debug\apply.pdb
d:\dropbox\dropbox\_meng\switching\assignment2\source_code\apply\debug\apply.tlog\cl.command.1.tlog
d:\dropbox\dropbox\_meng\switching\assignment2\source_code\apply\debug\apply.tlog\cl.read.1.tlog
d:\dropbox\dropbox\_meng\switching\assignment2\source_code\apply\debug\apply.tlog\cl.write.1.tlog
d:\dropbox\dropbox\_meng\switching\assignment2\source_code\apply\debug\apply.tlog\link.command.1.tlog
d:\dropbox\dropbox\_meng\switching\assignment2\source_code\apply\debug\apply.tlog\link.read.1.tlog
d:\dropbox\dropbox\_meng\switching\assignment2\source_code\apply\debug\apply.tlog\link.write.1.tlog
