c:\users\jingnan\documents\github\switching_a1_2015\debug\vc140.pdb
c:\users\jingnan\documents\github\switching_a1_2015\debug\vc140.idb
c:\users\jingnan\documents\github\switching_a1_2015\debug\assign1.obj
c:\users\jingnan\documents\github\switching_a1_2015\debug\blif_reader.obj
c:\users\jingnan\documents\github\switching_a1_2015\debug\common_types.obj
c:\users\jingnan\documents\github\switching_a1_2015\debug\cubical_function_representation.obj
c:\users\jingnan\documents\github\switching_a1_2015\debug\blif_parser.obj
c:\users\jingnan\documents\github\switching_a1_2015\debug\blif_parser.tab.obj
c:\users\jingnan\documents\github\switching_a1_2015\debug\assign1.ilk
c:\users\jingnan\documents\github\switching_a1_2015\debug\assign1.exe
c:\users\jingnan\documents\github\switching_a1_2015\debug\assign1.pdb
c:\users\jingnan\documents\github\switching_a1_2015\debug\assign1.tlog\cl.command.1.tlog
c:\users\jingnan\documents\github\switching_a1_2015\debug\assign1.tlog\cl.read.1.tlog
c:\users\jingnan\documents\github\switching_a1_2015\debug\assign1.tlog\cl.write.1.tlog
c:\users\jingnan\documents\github\switching_a1_2015\debug\assign1.tlog\custombuild.command.1.tlog
c:\users\jingnan\documents\github\switching_a1_2015\debug\assign1.tlog\custombuild.read.1.tlog
c:\users\jingnan\documents\github\switching_a1_2015\debug\assign1.tlog\custombuild.write.1.tlog
c:\users\jingnan\documents\github\switching_a1_2015\debug\assign1.tlog\link.command.1.tlog
c:\users\jingnan\documents\github\switching_a1_2015\debug\assign1.tlog\link.read.1.tlog
c:\users\jingnan\documents\github\switching_a1_2015\debug\assign1.tlog\link.write.1.tlog
