c:\users\jingnan\documents\github\ece1733\assignment2\debug\vc140.pdb
c:\users\jingnan\documents\github\ece1733\assignment2\debug\vc140.idb
c:\users\jingnan\documents\github\ece1733\assignment2\debug\assign2.obj
c:\users\jingnan\documents\github\ece1733\assignment2\debug\blif_parser.obj
c:\users\jingnan\documents\github\ece1733\assignment2\debug\blif_parser.tab.obj
c:\users\jingnan\documents\github\ece1733\assignment2\debug\blif_reader.obj
c:\users\jingnan\documents\github\ece1733\assignment2\debug\common_types.obj
c:\users\jingnan\documents\github\ece1733\assignment2\debug\cubical_function_representation.obj
c:\users\jingnan\documents\github\ece1733\assignment2\debug\bdd.obj
c:\users\jingnan\documents\github\ece1733\assignment2\debug\hashtable.obj
c:\users\jingnan\documents\github\ece1733\assignment2\debug\xalloc.obj
c:\users\jingnan\documents\github\ece1733\assignment2\debug\assign2.ilk
c:\users\jingnan\documents\github\ece1733\assignment2\debug\assign2.exe
c:\users\jingnan\documents\github\ece1733\assignment2\debug\assign2.pdb
c:\users\jingnan\documents\github\ece1733\assignment2\debug\assign2.tlog\cl.command.1.tlog
c:\users\jingnan\documents\github\ece1733\assignment2\debug\assign2.tlog\cl.read.1.tlog
c:\users\jingnan\documents\github\ece1733\assignment2\debug\assign2.tlog\cl.write.1.tlog
c:\users\jingnan\documents\github\ece1733\assignment2\debug\assign2.tlog\link.command.1.tlog
c:\users\jingnan\documents\github\ece1733\assignment2\debug\assign2.tlog\link.read.1.tlog
c:\users\jingnan\documents\github\ece1733\assignment2\debug\assign2.tlog\link.write.1.tlog
