d:\dropbox\dropbox\_meng\switching\assignment2\source_code\sifting\debug\vc140.pdb
d:\dropbox\dropbox\_meng\switching\assignment2\source_code\sifting\debug\vc140.idb
d:\dropbox\dropbox\_meng\switching\assignment2\source_code\sifting\debug\assign2.obj
d:\dropbox\dropbox\_meng\switching\assignment2\source_code\sifting\debug\blif_parser.obj
d:\dropbox\dropbox\_meng\switching\assignment2\source_code\sifting\debug\blif_parser.tab.obj
d:\dropbox\dropbox\_meng\switching\assignment2\source_code\sifting\debug\blif_reader.obj
d:\dropbox\dropbox\_meng\switching\assignment2\source_code\sifting\debug\common_types.obj
d:\dropbox\dropbox\_meng\switching\assignment2\source_code\sifting\debug\cubical_function_representation.obj
d:\dropbox\dropbox\_meng\switching\assignment2\source_code\sifting\debug\bdd.obj
d:\dropbox\dropbox\_meng\switching\assignment2\source_code\sifting\debug\hashtable.obj
d:\dropbox\dropbox\_meng\switching\assignment2\source_code\sifting\debug\xalloc.obj
d:\dropbox\dropbox\_meng\switching\assignment2\source_code\sifting\debug\assign2.ilk
d:\dropbox\dropbox\_meng\switching\assignment2\source_code\sifting\debug\assign2.exe
d:\dropbox\dropbox\_meng\switching\assignment2\source_code\sifting\debug\assign2.pdb
d:\dropbox\dropbox\_meng\switching\assignment2\source_code\sifting\debug\assign2.tlog\cl.command.1.tlog
d:\dropbox\dropbox\_meng\switching\assignment2\source_code\sifting\debug\assign2.tlog\cl.read.1.tlog
d:\dropbox\dropbox\_meng\switching\assignment2\source_code\sifting\debug\assign2.tlog\cl.write.1.tlog
d:\dropbox\dropbox\_meng\switching\assignment2\source_code\sifting\debug\assign2.tlog\link.command.1.tlog
d:\dropbox\dropbox\_meng\switching\assignment2\source_code\sifting\debug\assign2.tlog\link.read.1.tlog
d:\dropbox\dropbox\_meng\switching\assignment2\source_code\sifting\debug\assign2.tlog\link.write.1.tlog
